Traceback (most recent call last):
  File "/share/org/YZWL/yzwl_lixg/miniforge3/envs/EGAPx_v.0.4.0-alpha/lib/python3.13/urllib/request.py", line 1319, in do_open
    h.request(req.get_method(), req.selector, req.data, headers,
    ~~~~~~~~~^^^^^^^^^^^^^^^^^^^^^^^^^^^^^^^^^^^^^^^^^^^^^^^^^^^
              encode_chunked=req.has_header('Transfer-encoding'))
              ^^^^^^^^^^^^^^^^^^^^^^^^^^^^^^^^^^^^^^^^^^^^^^^^^^^
  File "/share/org/YZWL/yzwl_lixg/miniforge3/envs/EGAPx_v.0.4.0-alpha/lib/python3.13/http/client.py", line 1338, in request
    self._send_request(method, url, body, headers, encode_chunked)
    ~~~~~~~~~~~~~~~~~~^^^^^^^^^^^^^^^^^^^^^^^^^^^^^^^^^^^^^^^^^^^^
  File "/share/org/YZWL/yzwl_lixg/miniforge3/envs/EGAPx_v.0.4.0-alpha/lib/python3.13/http/client.py", line 1384, in _send_request
    self.endheaders(body, encode_chunked=encode_chunked)
    ~~~~~~~~~~~~~~~^^^^^^^^^^^^^^^^^^^^^^^^^^^^^^^^^^^^^
  File "/share/org/YZWL/yzwl_lixg/miniforge3/envs/EGAPx_v.0.4.0-alpha/lib/python3.13/http/client.py", line 1333, in endheaders
    self._send_output(message_body, encode_chunked=encode_chunked)
    ~~~~~~~~~~~~~~~~~^^^^^^^^^^^^^^^^^^^^^^^^^^^^^^^^^^^^^^^^^^^^^
  File "/share/org/YZWL/yzwl_lixg/miniforge3/envs/EGAPx_v.0.4.0-alpha/lib/python3.13/http/client.py", line 1093, in _send_output
    self.send(msg)
    ~~~~~~~~~^^^^^
  File "/share/org/YZWL/yzwl_lixg/miniforge3/envs/EGAPx_v.0.4.0-alpha/lib/python3.13/http/client.py", line 1037, in send
    self.connect()
    ~~~~~~~~~~~~^^
  File "/share/org/YZWL/yzwl_lixg/miniforge3/envs/EGAPx_v.0.4.0-alpha/lib/python3.13/http/client.py", line 1472, in connect
    super().connect()
    ~~~~~~~~~~~~~~~^^
  File "/share/org/YZWL/yzwl_lixg/miniforge3/envs/EGAPx_v.0.4.0-alpha/lib/python3.13/http/client.py", line 1003, in connect
    self.sock = self._create_connection(
                ~~~~~~~~~~~~~~~~~~~~~~~^
        (self.host,self.port), self.timeout, self.source_address)
        ^^^^^^^^^^^^^^^^^^^^^^^^^^^^^^^^^^^^^^^^^^^^^^^^^^^^^^^^^
  File "/share/org/YZWL/yzwl_lixg/miniforge3/envs/EGAPx_v.0.4.0-alpha/lib/python3.13/socket.py", line 864, in create_connection
    raise exceptions[0]
  File "/share/org/YZWL/yzwl_lixg/miniforge3/envs/EGAPx_v.0.4.0-alpha/lib/python3.13/socket.py", line 849, in create_connection
    sock.connect(sa)
    ~~~~~~~~~~~~^^^^
OSError: [Errno 101] Network is unreachable

During handling of the above exception, another exception occurred:

Traceback (most recent call last):
  File "/share/org/YZWL/yzwl_lixg/project/06.longliuxing_BSA/68.三代数据组装和注释/30.EGAPx注释haphic挂载的结果/primary/haphic校正后的/each_chr/Chr12/ui/egapx.py", line 1984, in <module>
    sys.exit(main(sys.argv))
             ~~~~^^^^^^^^^^
  File "/share/org/YZWL/yzwl_lixg/project/06.longliuxing_BSA/68.三代数据组装和注释/30.EGAPx注释haphic挂载的结果/primary/haphic校正后的/each_chr/Chr12/ui/egapx.py", line 1883, in main
    res, reads_msg = prepare_reads(run_inputs, args.force)
                     ~~~~~~~~~~~~~^^^^^^^^^^^^^^^^^^^^^^^^
  File "/share/org/YZWL/yzwl_lixg/project/06.longliuxing_BSA/68.三代数据组装和注释/30.EGAPx注释haphic挂载的结果/primary/haphic校正后的/each_chr/Chr12/ui/egapx.py", line 321, in prepare_reads
    res1, msg1, sra1, nosra1 = prepare_reads_by_type(run_inputs, 'short_reads', None, **kw)
                               ~~~~~~~~~~~~~~~~~~~~~^^^^^^^^^^^^^^^^^^^^^^^^^^^^^^^^^^^^^^^
  File "/share/org/YZWL/yzwl_lixg/project/06.longliuxing_BSA/68.三代数据组装和注释/30.EGAPx注释haphic挂载的结果/primary/haphic校正后的/each_chr/Chr12/ui/egapx.py", line 452, in prepare_reads_by_type
    metadata_map, file_map = sra_query_cached(reads)
                             ~~~~~~~~~~~~~~~~^^^^^^^
  File "/share/org/YZWL/yzwl_lixg/project/06.longliuxing_BSA/68.三代数据组装和注释/30.EGAPx注释haphic挂载的结果/primary/haphic校正后的/each_chr/Chr12/ui/egapx.py", line 1503, in sra_query_cached
    metadata = sra_query(query, run_filter)
  File "/share/org/YZWL/yzwl_lixg/project/06.longliuxing_BSA/68.三代数据组装和注释/30.EGAPx注释haphic挂载的结果/primary/haphic校正后的/each_chr/Chr12/ui/egapx.py", line 1542, in sra_query
    sra_uids = sra_uids_query(query)
  File "/share/org/YZWL/yzwl_lixg/project/06.longliuxing_BSA/68.三代数据组装和注释/30.EGAPx注释haphic挂载的结果/primary/haphic校正后的/each_chr/Chr12/ui/egapx.py", line 1399, in sra_uids_query
    esearch = urlopen(esearch_url+quote(sra_potential_query.encode('utf-8') ))
  File "/share/org/YZWL/yzwl_lixg/miniforge3/envs/EGAPx_v.0.4.0-alpha/lib/python3.13/urllib/request.py", line 189, in urlopen
    return opener.open(url, data, timeout)
           ~~~~~~~~~~~^^^^^^^^^^^^^^^^^^^^
  File "/share/org/YZWL/yzwl_lixg/miniforge3/envs/EGAPx_v.0.4.0-alpha/lib/python3.13/urllib/request.py", line 489, in open
    response = self._open(req, data)
  File "/share/org/YZWL/yzwl_lixg/miniforge3/envs/EGAPx_v.0.4.0-alpha/lib/python3.13/urllib/request.py", line 506, in _open
    result = self._call_chain(self.handle_open, protocol, protocol +
                              '_open', req)
  File "/share/org/YZWL/yzwl_lixg/miniforge3/envs/EGAPx_v.0.4.0-alpha/lib/python3.13/urllib/request.py", line 466, in _call_chain
    result = func(*args)
  File "/share/org/YZWL/yzwl_lixg/miniforge3/envs/EGAPx_v.0.4.0-alpha/lib/python3.13/urllib/request.py", line 1367, in https_open
    return self.do_open(http.client.HTTPSConnection, req,
           ~~~~~~~~~~~~^^^^^^^^^^^^^^^^^^^^^^^^^^^^^^^^^^
                        context=self._context)
                        ^^^^^^^^^^^^^^^^^^^^^^
  File "/share/org/YZWL/yzwl_lixg/miniforge3/envs/EGAPx_v.0.4.0-alpha/lib/python3.13/urllib/request.py", line 1322, in do_open
    raise URLError(err)
urllib.error.URLError: <urlopen error [Errno 101] Network is unreachable>
Job 68636580 stderr output:

