/share/org/YZWL/yzwl_lixg/miniforge3/envs/deeploc20/lib/python3.8/site-packages/esm/pretrained.py:31: FutureWarning: You are using `torch.load` with `weights_only=False` (the current default value), which uses the default pickle module implicitly. It is possible to construct malicious pickle data which will execute arbitrary code during unpickling (See https://github.com/pytorch/pytorch/blob/main/SECURITY.md#untrusted-models for more details). In a future release, the default value for `weights_only` will be flipped to `True`. This limits the functions that could be executed during unpickling. Arbitrary objects will no longer be allowed to be loaded via this mode unless they are explicitly allowlisted by the user via `torch.serialization.add_safe_globals`. We recommend you start setting `weights_only=True` for any use case where you don't have full control of the loaded file. Please open an issue on GitHub for any issues related to this experimental feature.
  data = torch.load(
Traceback (most recent call last):
  File "/share/org/YZWL/yzwl_lixg/miniforge3/envs/deeploc20/lib/python3.8/site-packages/esm/pretrained.py", line 27, in load_hub_workaround
    data = torch.hub.load_state_dict_from_url(url, progress=False, map_location='cpu')
  File "/share/org/YZWL/yzwl_lixg/miniforge3/envs/deeploc20/lib/python3.8/site-packages/torch/hub.py", line 769, in load_state_dict_from_url
    return torch.load(cached_file, map_location=map_location, weights_only=weights_only)
  File "/share/org/YZWL/yzwl_lixg/miniforge3/envs/deeploc20/lib/python3.8/site-packages/torch/serialization.py", line 1114, in load
    return _legacy_load(
  File "/share/org/YZWL/yzwl_lixg/miniforge3/envs/deeploc20/lib/python3.8/site-packages/torch/serialization.py", line 1348, in _legacy_load
    result = unpickler.load()
  File "/share/org/YZWL/yzwl_lixg/miniforge3/envs/deeploc20/lib/python3.8/site-packages/torch/serialization.py", line 1279, in persistent_load
    obj = cast(Storage, torch.UntypedStorage(nbytes))
RuntimeError: [enforce fail at alloc_cpu.cpp:117] err == 0. DefaultCPUAllocator: can't allocate memory: you tried to allocate 2609433732 bytes. Error code 12 (Cannot allocate memory)

During handling of the above exception, another exception occurred:

Traceback (most recent call last):
  File "/share/org/YZWL/yzwl_lixg/miniforge3/envs/deeploc20/bin/deeploc2", line 8, in <module>
    sys.exit(predict())
  File "/share/org/YZWL/yzwl_lixg/miniforge3/envs/deeploc20/lib/python3.8/site-packages/DeepLoc2/deeploc2.py", line 201, in predict
    main(args)
  File "/share/org/YZWL/yzwl_lixg/miniforge3/envs/deeploc20/lib/python3.8/site-packages/DeepLoc2/deeploc2.py", line 91, in main
    pred_df = run_model_esm1b(embed_dataloader, args, test_df)
  File "/share/org/YZWL/yzwl_lixg/miniforge3/envs/deeploc20/lib/python3.8/site-packages/DeepLoc2/deeploc2.py", line 26, in run_model_esm1b
    model = ESM1bE2E().to(args.device)
  File "/share/org/YZWL/yzwl_lixg/miniforge3/envs/deeploc20/lib/python3.8/site-packages/DeepLoc2/model.py", line 233, in __init__
    model, alphabet = pretrained.load_model_and_alphabet("esm1b_t33_650M_UR50S")
  File "/share/org/YZWL/yzwl_lixg/miniforge3/envs/deeploc20/lib/python3.8/site-packages/esm/pretrained.py", line 23, in load_model_and_alphabet
    return load_model_and_alphabet_hub(model_name)
  File "/share/org/YZWL/yzwl_lixg/miniforge3/envs/deeploc20/lib/python3.8/site-packages/esm/pretrained.py", line 47, in load_model_and_alphabet_hub
    model_data = load_hub_workaround(url)
  File "/share/org/YZWL/yzwl_lixg/miniforge3/envs/deeploc20/lib/python3.8/site-packages/esm/pretrained.py", line 31, in load_hub_workaround
    data = torch.load(
  File "/share/org/YZWL/yzwl_lixg/miniforge3/envs/deeploc20/lib/python3.8/site-packages/torch/serialization.py", line 1114, in load
    return _legacy_load(
  File "/share/org/YZWL/yzwl_lixg/miniforge3/envs/deeploc20/lib/python3.8/site-packages/torch/serialization.py", line 1348, in _legacy_load
    result = unpickler.load()
  File "/share/org/YZWL/yzwl_lixg/miniforge3/envs/deeploc20/lib/python3.8/site-packages/torch/serialization.py", line 1279, in persistent_load
    obj = cast(Storage, torch.UntypedStorage(nbytes))
RuntimeError: [enforce fail at alloc_cpu.cpp:117] err == 0. DefaultCPUAllocator: can't allocate memory: you tried to allocate 2609433732 bytes. Error code 12 (Cannot allocate memory)
Job 68599534 stderr output:

